[debug] [2020-10-10T10:17:58.887Z] ----------------------------------------------------------------------
[debug] [2020-10-10T10:17:58.889Z] Command:       C:\Program Files\nodejs\node.exe C:\Users\riverus\AppData\Roaming\npm\node_modules\firebase-tools\lib\bin\firebase.js functions:shell
[debug] [2020-10-10T10:17:58.889Z] CLI Version:   8.5.0
[debug] [2020-10-10T10:17:58.889Z] Platform:      win32
[debug] [2020-10-10T10:17:58.889Z] Node Version:  v12.18.2
[debug] [2020-10-10T10:17:58.890Z] Time:          Sat Oct 10 2020 15:47:58 GMT+0530 (India Standard Time)
[debug] [2020-10-10T10:17:58.890Z] ----------------------------------------------------------------------
[debug] [2020-10-10T10:17:58.890Z] 
[debug] [2020-10-10T10:17:58.901Z] > command requires scopes: ["email","openid","https://www.googleapis.com/auth/cloudplatformprojects.readonly","https://www.googleapis.com/auth/firebase","https://www.googleapis.com/auth/cloud-platform"]
[debug] [2020-10-10T10:17:58.901Z] > authorizing via signed-in user
[debug] [2020-10-10T10:17:58.901Z] [iam] checking project bare-anatomy for permissions ["firebase.projects.get"]
[debug] [2020-10-10T10:17:58.903Z] > refreshing access token with scopes: ["email","https://www.googleapis.com/auth/cloud-platform","https://www.googleapis.com/auth/cloudplatformprojects.readonly","https://www.googleapis.com/auth/firebase","openid"]
[debug] [2020-10-10T10:17:58.903Z] >>> HTTP REQUEST POST https://www.googleapis.com/oauth2/v3/token  
 <request body omitted>
[debug] [2020-10-10T10:17:59.346Z] <<< HTTP RESPONSE 200 {"date":"Sat, 10 Oct 2020 10:17:34 GMT","expires":"Mon, 01 Jan 1990 00:00:00 GMT","pragma":"no-cache","cache-control":"no-cache, no-store, max-age=0, must-revalidate","content-type":"application/json; charset=utf-8","vary":"X-Origin, Referer, Origin,Accept-Encoding","server":"scaffolding on HTTPServer2","x-xss-protection":"0","x-frame-options":"SAMEORIGIN","x-content-type-options":"nosniff","alt-svc":"h3-Q050=\":443\"; ma=2592000,h3-29=\":443\"; ma=2592000,h3-27=\":443\"; ma=2592000,h3-T051=\":443\"; ma=2592000,h3-T050=\":443\"; ma=2592000,h3-Q046=\":443\"; ma=2592000,h3-Q043=\":443\"; ma=2592000,quic=\":443\"; ma=2592000; v=\"46,43\"","accept-ranges":"none","transfer-encoding":"chunked"}
[debug] [2020-10-10T10:17:59.352Z] >>> HTTP REQUEST POST https://cloudresourcemanager.googleapis.com/v1/projects/bare-anatomy:testIamPermissions  
 {"permissions":["firebase.projects.get"]}
[debug] [2020-10-10T10:18:01.095Z] <<< HTTP RESPONSE 200 {"content-type":"application/json; charset=UTF-8","vary":"X-Origin, Referer, Origin,Accept-Encoding","date":"Sat, 10 Oct 2020 10:17:36 GMT","server":"ESF","cache-control":"private","x-xss-protection":"0","x-frame-options":"SAMEORIGIN","x-content-type-options":"nosniff","server-timing":"gfet4t7; dur=1148","alt-svc":"h3-Q050=\":443\"; ma=2592000,h3-29=\":443\"; ma=2592000,h3-27=\":443\"; ma=2592000,h3-T051=\":443\"; ma=2592000,h3-T050=\":443\"; ma=2592000,h3-Q046=\":443\"; ma=2592000,h3-Q043=\":443\"; ma=2592000,quic=\":443\"; ma=2592000; v=\"46,43\"","accept-ranges":"none","transfer-encoding":"chunked"}
[warn] !  Your requested "node" version "8" doesn't match your global version "12" {"metadata":{"emulator":{"name":"functions"},"message":"Your requested \"node\" version \"8\" doesn't match your global version \"12\""}}
[debug] [2020-10-10T10:18:03.117Z] [functions] Watching "D:\BareAnatomy\API\functions" for Cloud Functions...
[debug] [2020-10-10T10:18:03.127Z] DEBUG: [worker-pool] addWorker(~diagnostic~)
[debug] [2020-10-10T10:18:03.127Z] DEBUG: [worker-pool] Adding worker with key ~diagnostic~, total=1
[debug] [2020-10-10T10:18:03.127Z] DEBUG: [worker-pool] submitWork(triggerId=)
[debug] [2020-10-10T10:18:03.127Z] DEBUG: [worker-~diagnostic~-c242179a-1236-4b21-8ea1-f337261c7bbc]: Assigning socketPath: \\?\pipe\D:\BareAnatomy\API\functions\4508
[debug] [2020-10-10T10:18:03.127Z] DEBUG: [worker-~diagnostic~-c242179a-1236-4b21-8ea1-f337261c7bbc]: BUSY
[debug] [2020-10-10T10:18:03.720Z] DEBUG: [runtime-status] [4508] Functions runtime initialized. {"cwd":"D:\\BareAnatomy\\API\\functions","node_version":"12.18.2"}
[debug] [2020-10-10T10:18:03.723Z] DEBUG: [runtime-status] [4508] Disabled runtime features: undefined
[debug] [2020-10-10T10:18:03.730Z] DEBUG: [runtime-status] [4508] Resolved module firebase-admin {"declared":true,"installed":true,"version":"8.13.0","resolution":"D:\\BareAnatomy\\API\\functions\\node_modules\\firebase-admin\\lib\\index.js"}
[debug] [2020-10-10T10:18:03.735Z] DEBUG: [runtime-status] [4508] Resolved module firebase-functions {"declared":true,"installed":true,"version":"3.7.0","resolution":"D:\\BareAnatomy\\API\\functions\\node_modules\\firebase-functions\\lib\\index.js"}
[debug] [2020-10-10T10:18:03.738Z] DEBUG: [runtime-status] [4508] Outgoing network have been stubbed. [{"name":"http","status":"mocked"},{"name":"http","status":"mocked"},{"name":"https","status":"mocked"},{"name":"https","status":"mocked"},{"name":"net","status":"mocked"}]
[debug] [2020-10-10T10:18:03.739Z] DEBUG: [runtime-status] [4508] Resolved module firebase-functions {"declared":true,"installed":true,"version":"3.7.0","resolution":"D:\\BareAnatomy\\API\\functions\\node_modules\\firebase-functions\\lib\\index.js"}
[debug] [2020-10-10T10:18:04.052Z] DEBUG: [runtime-status] [4508] Checked functions.config() {"config":{}}
[debug] [2020-10-10T10:18:04.052Z] DEBUG: [runtime-status] [4508] firebase-functions has been stubbed. {"functionsResolution":{"declared":true,"installed":true,"version":"3.7.0","resolution":"D:\\BareAnatomy\\API\\functions\\node_modules\\firebase-functions\\lib\\index.js"}}
[debug] [2020-10-10T10:18:04.053Z] DEBUG: [runtime-status] [4508] Resolved module firebase-functions {"declared":true,"installed":true,"version":"3.7.0","resolution":"D:\\BareAnatomy\\API\\functions\\node_modules\\firebase-functions\\lib\\index.js"}
[debug] [2020-10-10T10:18:04.054Z] DEBUG: [runtime-status] [4508] Resolved module firebase-admin {"declared":true,"installed":true,"version":"8.13.0","resolution":"D:\\BareAnatomy\\API\\functions\\node_modules\\firebase-admin\\lib\\index.js"}
[debug] [2020-10-10T10:18:04.055Z] DEBUG: [runtime-status] [4508] Resolved module firebase-functions {"declared":true,"installed":true,"version":"3.7.0","resolution":"D:\\BareAnatomy\\API\\functions\\node_modules\\firebase-functions\\lib\\index.js"}
[debug] [2020-10-10T10:18:04.055Z] DEBUG: [runtime-status] [4508] firebase-admin has been stubbed. {"adminResolution":{"declared":true,"installed":true,"version":"8.13.0","resolution":"D:\\BareAnatomy\\API\\functions\\node_modules\\firebase-admin\\lib\\index.js"}}
[debug] [2020-10-10T10:18:04.250Z] DEBUG: [runtime-status] [4508] initializeApp(DEFAULT) {"credential":{"implicit":false,"projectId":"bare-anatomy","privateKey":"-----BEGIN PRIVATE KEY-----\nMIIEvgIBADANBgkqhkiG9w0BAQEFAASCBKgwggSkAgEAAoIBAQDOe1ty6UqDazb1\nkuD48UkdUxKgay4y1N0h0kbdlpMNlfyAtO/s/1IZCHXI5W6pVajfONprzzREXF41\nSsubWjnhDlsHlky799g31dmDJSseJPU+wqDLNajFoh7iwfBY+EdQRTMW7Sqpad2L\n4wEZ0PoWtXoE1S+6I9i6VtlpElVBhSmPvY6zo6SB/C+ZJ2CMf/hzTDmJc9GK8Tom\n1LRw8aEp5QiD3OEFvpw8SWgd7ksRiNlpOC9M1tDGbRHtjPukcfCA8Vm0kVwKpxCU\nyNudN0luiGZ+Cy+1Otav79bqfLuz78xYwpH66FzPp1/2h+Qw3jubCa6AWYeVYzoR\n9J1slttTAgMBAAECggEAZMbzXtX7PsIs7FXYRNhrIYtiq3Y0ca3QEgpR+SPdOQPL\n3juxYGBLPxmQd1F3neFHj09t17GlZnoYpvUPBA9Y8X2yszTJ1fJFDxdqVqZk8Y0D\nP7L5jMTvTypt3anfd2USVVy470cpC8+2SGiuqF2FOmEvoT010qldRbFO4ogGoXeO\n223DwJywHx95aUhktLONOx43nvR9ewKoebWB6j+v2oas2RfSFZKNMQKmjjwaaAoG\nEh71OQBTeHQzLNw2ljyI9+eoDyTpu3FjwWukC9zI7NqDxbFpGPO0WTIoVCAnYQpK\nlsv+XsTRDiCwmQ0SOaKi+rBCm1gONmMbhrqel4gMHQKBgQDo6wC3OQCWtKUxEAyh\neQRlYeww+ObkyZTRuZ5B9UCtXBCu165ajJr5Qc9iQy6iur10S3Bpu/N2K/tSi3Kv\nbTuIZ6sLhnWJfk3WOSV+9gV2XoXVcpHw39rC53a0IHuHpV7FpavkQLnluDT9DYTh\n+D0ECWnAJwta2Gyx/vbcRvjzBQKBgQDi8a9mCkk32Glm2oAY5Ks9N+JAH2nzWZ/E\nuP0hSW/skj5+/oLY8eGM9vLMG2cVRJJGJWdBm0vNXY+v65LYUbXyYa0Z3h166pp0\nMiU8qubLZOoRNpYacXiCWb0JTdcoVqGtGNjLkNWmLg3tGkJZZG/1mTGqihax5Q+1\n+pZ35ROUdwKBgEHCb55LOq5R7D2w4VAJgcM55VxiOZYoj5qyxEqs+oi3cIJcpH4u\nKmbrPKjqfNU20dxunBtOFEut2TQR6Nw8g81cL39+g9rAzSsJUVvKC/rCbxi3Uxrl\nqLbUcMAkV5wRhXNZ9fDokVOZMWSsl3LRCjEEk1XL8DnC1tVePcYtR4YdAoGBALhC\n2VG1SkuAd9vdzqHnkC1tYVME7oZ6H2GffU74jFp9RybfSKgShDprCymzmhfHjChO\nGC9JgttketSwJZNjjKIWsnBNSoxRTUTIrjk63ZcJAY8mTet8dAcKC5UxUV9cL3sW\nsHdfykhaHk6DwplIFitHze6UneakgAQWSPNh2GrzAoGBANrgPEOtjaBqyaZwHkWl\n5f0CkbIqCPVr5YqjVoKrg5ur0rZFjIdJUXNfeHEVd5OmmYNBekvBsXBlpb6VXwsz\nTk5Wntd31FzHn9tqUAadsiH4e4zs0cxhEJlhBgC4C7DDYNqY5+xrYWDegAl8sUW0\nOaqWuKcAvcQp0x3I7rU7eZXp\n-----END PRIVATE KEY-----\n","clientEmail":"firebase-adminsdk-shk4z@bare-anatomy.iam.gserviceaccount.com","httpClient":{"retry":{"maxRetries":4,"statusCodes":[503],"ioErrorCodes":["ECONNRESET","ETIMEDOUT"],"backOffFactor":0.5,"maxDelayInMillis":60000}}},"databaseURL":"https://fir-api-9a206..firebaseio.com"}
[warn] !  functions: The Cloud Firestore emulator is not running, so calls to Firestore will affect production. {"metadata":{"emulator":{"name":"functions"},"message":"The Cloud Firestore emulator is not running, so calls to Firestore will affect production."}}
[debug] [2020-10-10T10:18:08.902Z] [functions[app]] http function initialized (http://localhost:5000/bare-anatomy/us-central1/app).
[info] i  functions: Loaded functions: app 
[warn] !  functions: The following emulators are not running, calls to these services will affect production: firestore, database, pubsub 
[debug] [2020-10-10T10:18:08.911Z] DEBUG: [worker-~diagnostic~-c242179a-1236-4b21-8ea1-f337261c7bbc]: IDLE
[debug] [2020-10-11T11:54:10.183Z] DEBUG: File D:\BareAnatomy\API\functions\lib\index.js changed, reloading triggers
[debug] [2020-10-11T11:54:11.209Z] DEBUG: [worker-pool] Shutting down IDLE worker (~diagnostic~)
[debug] [2020-10-11T11:54:11.210Z] DEBUG: [worker-~diagnostic~-c242179a-1236-4b21-8ea1-f337261c7bbc]: FINISHING
[debug] [2020-10-11T11:54:11.237Z] DEBUG: [worker-pool] addWorker(~diagnostic~)
[debug] [2020-10-11T11:54:11.238Z] DEBUG: [worker-pool] Adding worker with key ~diagnostic~, total=2
[debug] [2020-10-11T11:54:11.239Z] DEBUG: [worker-pool] submitWork(triggerId=)
[debug] [2020-10-11T11:54:11.240Z] DEBUG: [worker-~diagnostic~-ecfa15a1-a5a8-44b9-859f-bb21fc20e94d]: Assigning socketPath: \\?\pipe\D:\BareAnatomy\API\functions\31000
[debug] [2020-10-11T11:54:11.240Z] DEBUG: [worker-~diagnostic~-ecfa15a1-a5a8-44b9-859f-bb21fc20e94d]: BUSY
[debug] [2020-10-11T11:54:11.245Z] DEBUG: [worker-~diagnostic~-c242179a-1236-4b21-8ea1-f337261c7bbc]: exited
[debug] [2020-10-11T11:54:11.246Z] DEBUG: [worker-~diagnostic~-c242179a-1236-4b21-8ea1-f337261c7bbc]: FINISHED
[debug] [2020-10-11T11:54:12.297Z] DEBUG: [runtime-status] [31000] Functions runtime initialized. {"cwd":"D:\\BareAnatomy\\API\\functions","node_version":"12.18.2"}
[debug] [2020-10-11T11:54:12.299Z] DEBUG: [runtime-status] [31000] Disabled runtime features: undefined
[debug] [2020-10-11T11:54:12.377Z] DEBUG: [runtime-status] [31000] Resolved module firebase-admin {"declared":true,"installed":true,"version":"8.13.0","resolution":"D:\\BareAnatomy\\API\\functions\\node_modules\\firebase-admin\\lib\\index.js"}
[debug] [2020-10-11T11:54:12.382Z] DEBUG: [runtime-status] [31000] Resolved module firebase-functions {"declared":true,"installed":true,"version":"3.7.0","resolution":"D:\\BareAnatomy\\API\\functions\\node_modules\\firebase-functions\\lib\\index.js"}
[debug] [2020-10-11T11:54:12.385Z] DEBUG: [runtime-status] [31000] Outgoing network have been stubbed. [{"name":"http","status":"mocked"},{"name":"http","status":"mocked"},{"name":"https","status":"mocked"},{"name":"https","status":"mocked"},{"name":"net","status":"mocked"}]
[debug] [2020-10-11T11:54:12.385Z] DEBUG: [runtime-status] [31000] Resolved module firebase-functions {"declared":true,"installed":true,"version":"3.7.0","resolution":"D:\\BareAnatomy\\API\\functions\\node_modules\\firebase-functions\\lib\\index.js"}
[debug] [2020-10-11T11:54:12.550Z] DEBUG: [runtime-status] [31000] Checked functions.config() {"config":{}}
[debug] [2020-10-11T11:54:12.551Z] DEBUG: [runtime-status] [31000] firebase-functions has been stubbed. {"functionsResolution":{"declared":true,"installed":true,"version":"3.7.0","resolution":"D:\\BareAnatomy\\API\\functions\\node_modules\\firebase-functions\\lib\\index.js"}}
[debug] [2020-10-11T11:54:12.551Z] DEBUG: [runtime-status] [31000] Resolved module firebase-functions {"declared":true,"installed":true,"version":"3.7.0","resolution":"D:\\BareAnatomy\\API\\functions\\node_modules\\firebase-functions\\lib\\index.js"}
[debug] [2020-10-11T11:54:12.552Z] DEBUG: [runtime-status] [31000] Resolved module firebase-admin {"declared":true,"installed":true,"version":"8.13.0","resolution":"D:\\BareAnatomy\\API\\functions\\node_modules\\firebase-admin\\lib\\index.js"}
[debug] [2020-10-11T11:54:12.552Z] DEBUG: [runtime-status] [31000] Resolved module firebase-functions {"declared":true,"installed":true,"version":"3.7.0","resolution":"D:\\BareAnatomy\\API\\functions\\node_modules\\firebase-functions\\lib\\index.js"}
[debug] [2020-10-11T11:54:12.552Z] DEBUG: [runtime-status] [31000] firebase-admin has been stubbed. {"adminResolution":{"declared":true,"installed":true,"version":"8.13.0","resolution":"D:\\BareAnatomy\\API\\functions\\node_modules\\firebase-admin\\lib\\index.js"}}
[debug] [2020-10-11T11:54:12.681Z] DEBUG: [runtime-status] [31000] initializeApp(DEFAULT) {"credential":{"implicit":false,"projectId":"bare-anatomy","privateKey":"-----BEGIN PRIVATE KEY-----\nMIIEvgIBADANBgkqhkiG9w0BAQEFAASCBKgwggSkAgEAAoIBAQDOe1ty6UqDazb1\nkuD48UkdUxKgay4y1N0h0kbdlpMNlfyAtO/s/1IZCHXI5W6pVajfONprzzREXF41\nSsubWjnhDlsHlky799g31dmDJSseJPU+wqDLNajFoh7iwfBY+EdQRTMW7Sqpad2L\n4wEZ0PoWtXoE1S+6I9i6VtlpElVBhSmPvY6zo6SB/C+ZJ2CMf/hzTDmJc9GK8Tom\n1LRw8aEp5QiD3OEFvpw8SWgd7ksRiNlpOC9M1tDGbRHtjPukcfCA8Vm0kVwKpxCU\nyNudN0luiGZ+Cy+1Otav79bqfLuz78xYwpH66FzPp1/2h+Qw3jubCa6AWYeVYzoR\n9J1slttTAgMBAAECggEAZMbzXtX7PsIs7FXYRNhrIYtiq3Y0ca3QEgpR+SPdOQPL\n3juxYGBLPxmQd1F3neFHj09t17GlZnoYpvUPBA9Y8X2yszTJ1fJFDxdqVqZk8Y0D\nP7L5jMTvTypt3anfd2USVVy470cpC8+2SGiuqF2FOmEvoT010qldRbFO4ogGoXeO\n223DwJywHx95aUhktLONOx43nvR9ewKoebWB6j+v2oas2RfSFZKNMQKmjjwaaAoG\nEh71OQBTeHQzLNw2ljyI9+eoDyTpu3FjwWukC9zI7NqDxbFpGPO0WTIoVCAnYQpK\nlsv+XsTRDiCwmQ0SOaKi+rBCm1gONmMbhrqel4gMHQKBgQDo6wC3OQCWtKUxEAyh\neQRlYeww+ObkyZTRuZ5B9UCtXBCu165ajJr5Qc9iQy6iur10S3Bpu/N2K/tSi3Kv\nbTuIZ6sLhnWJfk3WOSV+9gV2XoXVcpHw39rC53a0IHuHpV7FpavkQLnluDT9DYTh\n+D0ECWnAJwta2Gyx/vbcRvjzBQKBgQDi8a9mCkk32Glm2oAY5Ks9N+JAH2nzWZ/E\nuP0hSW/skj5+/oLY8eGM9vLMG2cVRJJGJWdBm0vNXY+v65LYUbXyYa0Z3h166pp0\nMiU8qubLZOoRNpYacXiCWb0JTdcoVqGtGNjLkNWmLg3tGkJZZG/1mTGqihax5Q+1\n+pZ35ROUdwKBgEHCb55LOq5R7D2w4VAJgcM55VxiOZYoj5qyxEqs+oi3cIJcpH4u\nKmbrPKjqfNU20dxunBtOFEut2TQR6Nw8g81cL39+g9rAzSsJUVvKC/rCbxi3Uxrl\nqLbUcMAkV5wRhXNZ9fDokVOZMWSsl3LRCjEEk1XL8DnC1tVePcYtR4YdAoGBALhC\n2VG1SkuAd9vdzqHnkC1tYVME7oZ6H2GffU74jFp9RybfSKgShDprCymzmhfHjChO\nGC9JgttketSwJZNjjKIWsnBNSoxRTUTIrjk63ZcJAY8mTet8dAcKC5UxUV9cL3sW\nsHdfykhaHk6DwplIFitHze6UneakgAQWSPNh2GrzAoGBANrgPEOtjaBqyaZwHkWl\n5f0CkbIqCPVr5YqjVoKrg5ur0rZFjIdJUXNfeHEVd5OmmYNBekvBsXBlpb6VXwsz\nTk5Wntd31FzHn9tqUAadsiH4e4zs0cxhEJlhBgC4C7DDYNqY5+xrYWDegAl8sUW0\nOaqWuKcAvcQp0x3I7rU7eZXp\n-----END PRIVATE KEY-----\n","clientEmail":"firebase-adminsdk-shk4z@bare-anatomy.iam.gserviceaccount.com","httpClient":{"retry":{"maxRetries":4,"statusCodes":[503],"ioErrorCodes":["ECONNRESET","ETIMEDOUT"],"backOffFactor":0.5,"maxDelayInMillis":60000}}},"databaseURL":"https://fir-api-9a206..firebaseio.com"}
[warn] !  functions: The Cloud Firestore emulator is not running, so calls to Firestore will affect production. {"metadata":{"emulator":{"name":"functions"},"message":"The Cloud Firestore emulator is not running, so calls to Firestore will affect production."}}
[debug] [2020-10-11T11:54:14.658Z] DEBUG: [worker-~diagnostic~-ecfa15a1-a5a8-44b9-859f-bb21fc20e94d]: IDLE
[debug] [2020-10-11T11:55:46.601Z] ----------------------------------------------------------------------
[debug] [2020-10-11T11:55:46.603Z] Command:       C:\Program Files\nodejs\node.exe C:\Users\riverus\AppData\Roaming\npm\node_modules\firebase-tools\lib\bin\firebase.js functions:shell
[debug] [2020-10-11T11:55:46.603Z] CLI Version:   8.5.0
[debug] [2020-10-11T11:55:46.603Z] Platform:      win32
[debug] [2020-10-11T11:55:46.603Z] Node Version:  v12.18.2
[debug] [2020-10-11T11:55:46.604Z] Time:          Sun Oct 11 2020 17:25:46 GMT+0530 (India Standard Time)
[debug] [2020-10-11T11:55:46.604Z] ----------------------------------------------------------------------
[debug] [2020-10-11T11:55:46.605Z] 
[debug] [2020-10-11T11:55:46.616Z] > command requires scopes: ["email","openid","https://www.googleapis.com/auth/cloudplatformprojects.readonly","https://www.googleapis.com/auth/firebase","https://www.googleapis.com/auth/cloud-platform"]
[debug] [2020-10-11T11:55:46.616Z] > authorizing via signed-in user
[debug] [2020-10-11T11:55:46.616Z] [iam] checking project bare-anatomy for permissions ["firebase.projects.get"]
[debug] [2020-10-11T11:55:46.618Z] > refreshing access token with scopes: ["email","https://www.googleapis.com/auth/cloud-platform","https://www.googleapis.com/auth/cloudplatformprojects.readonly","https://www.googleapis.com/auth/firebase","openid"]
[debug] [2020-10-11T11:55:46.618Z] >>> HTTP REQUEST POST https://www.googleapis.com/oauth2/v3/token  
 <request body omitted>
[debug] [2020-10-11T11:55:47.232Z] <<< HTTP RESPONSE 200 {"date":"Sun, 11 Oct 2020 11:55:22 GMT","cache-control":"no-cache, no-store, max-age=0, must-revalidate","expires":"Mon, 01 Jan 1990 00:00:00 GMT","pragma":"no-cache","content-type":"application/json; charset=utf-8","vary":"X-Origin, Referer, Origin,Accept-Encoding","server":"scaffolding on HTTPServer2","x-xss-protection":"0","x-frame-options":"SAMEORIGIN","x-content-type-options":"nosniff","alt-svc":"h3-Q050=\":443\"; ma=2592000,h3-29=\":443\"; ma=2592000,h3-27=\":443\"; ma=2592000,h3-T051=\":443\"; ma=2592000,h3-T050=\":443\"; ma=2592000,h3-Q046=\":443\"; ma=2592000,h3-Q043=\":443\"; ma=2592000,quic=\":443\"; ma=2592000; v=\"46,43\"","accept-ranges":"none","transfer-encoding":"chunked"}
[debug] [2020-10-11T11:55:47.242Z] >>> HTTP REQUEST POST https://cloudresourcemanager.googleapis.com/v1/projects/bare-anatomy:testIamPermissions  
 {"permissions":["firebase.projects.get"]}
[debug] [2020-10-11T11:55:48.755Z] <<< HTTP RESPONSE 200 {"content-type":"application/json; charset=UTF-8","vary":"X-Origin, Referer, Origin,Accept-Encoding","date":"Sun, 11 Oct 2020 11:55:23 GMT","server":"ESF","cache-control":"private","x-xss-protection":"0","x-frame-options":"SAMEORIGIN","x-content-type-options":"nosniff","server-timing":"gfet4t7; dur=1144","alt-svc":"h3-Q050=\":443\"; ma=2592000,h3-29=\":443\"; ma=2592000,h3-27=\":443\"; ma=2592000,h3-T051=\":443\"; ma=2592000,h3-T050=\":443\"; ma=2592000,h3-Q046=\":443\"; ma=2592000,h3-Q043=\":443\"; ma=2592000,quic=\":443\"; ma=2592000; v=\"46,43\"","accept-ranges":"none","transfer-encoding":"chunked"}
[warn] !  Your requested "node" version "8" doesn't match your global version "12" {"metadata":{"emulator":{"name":"functions"},"message":"Your requested \"node\" version \"8\" doesn't match your global version \"12\""}}
[debug] [2020-10-11T11:55:50.772Z] [functions] Watching "D:\BareAnatomy\API\functions" for Cloud Functions...
[debug] [2020-10-11T11:55:50.787Z] DEBUG: [worker-pool] addWorker(~diagnostic~)
[debug] [2020-10-11T11:55:50.787Z] DEBUG: [worker-pool] Adding worker with key ~diagnostic~, total=1
[debug] [2020-10-11T11:55:50.788Z] DEBUG: [worker-pool] submitWork(triggerId=)
[debug] [2020-10-11T11:55:50.788Z] DEBUG: [worker-~diagnostic~-3f82f8b2-475a-400d-8a7d-44ad80d905cd]: Assigning socketPath: \\?\pipe\D:\BareAnatomy\API\functions\28704
[debug] [2020-10-11T11:55:50.788Z] DEBUG: [worker-~diagnostic~-3f82f8b2-475a-400d-8a7d-44ad80d905cd]: BUSY
[debug] [2020-10-11T11:55:51.129Z] DEBUG: [runtime-status] [28704] Functions runtime initialized. {"cwd":"D:\\BareAnatomy\\API\\functions","node_version":"12.18.2"}
[debug] [2020-10-11T11:55:51.131Z] DEBUG: [runtime-status] [28704] Disabled runtime features: undefined
[debug] [2020-10-11T11:55:51.135Z] DEBUG: [runtime-status] [28704] Resolved module firebase-admin {"declared":true,"installed":true,"version":"8.13.0","resolution":"D:\\BareAnatomy\\API\\functions\\node_modules\\firebase-admin\\lib\\index.js"}
[debug] [2020-10-11T11:55:51.136Z] DEBUG: [runtime-status] [28704] Resolved module firebase-functions {"declared":true,"installed":true,"version":"3.7.0","resolution":"D:\\BareAnatomy\\API\\functions\\node_modules\\firebase-functions\\lib\\index.js"}
[debug] [2020-10-11T11:55:51.138Z] DEBUG: [runtime-status] [28704] Outgoing network have been stubbed. [{"name":"http","status":"mocked"},{"name":"http","status":"mocked"},{"name":"https","status":"mocked"},{"name":"https","status":"mocked"},{"name":"net","status":"mocked"}]
[debug] [2020-10-11T11:55:51.138Z] DEBUG: [runtime-status] [28704] Resolved module firebase-functions {"declared":true,"installed":true,"version":"3.7.0","resolution":"D:\\BareAnatomy\\API\\functions\\node_modules\\firebase-functions\\lib\\index.js"}
[debug] [2020-10-11T11:55:51.170Z] DEBUG: [runtime-status] [28704] Checked functions.config() {"config":{}}
[debug] [2020-10-11T11:55:51.170Z] DEBUG: [runtime-status] [28704] firebase-functions has been stubbed. {"functionsResolution":{"declared":true,"installed":true,"version":"3.7.0","resolution":"D:\\BareAnatomy\\API\\functions\\node_modules\\firebase-functions\\lib\\index.js"}}
[debug] [2020-10-11T11:55:51.170Z] DEBUG: [runtime-status] [28704] Resolved module firebase-functions {"declared":true,"installed":true,"version":"3.7.0","resolution":"D:\\BareAnatomy\\API\\functions\\node_modules\\firebase-functions\\lib\\index.js"}
[debug] [2020-10-11T11:55:51.171Z] DEBUG: [runtime-status] [28704] Resolved module firebase-admin {"declared":true,"installed":true,"version":"8.13.0","resolution":"D:\\BareAnatomy\\API\\functions\\node_modules\\firebase-admin\\lib\\index.js"}
[debug] [2020-10-11T11:55:51.171Z] DEBUG: [runtime-status] [28704] Resolved module firebase-functions {"declared":true,"installed":true,"version":"3.7.0","resolution":"D:\\BareAnatomy\\API\\functions\\node_modules\\firebase-functions\\lib\\index.js"}
[debug] [2020-10-11T11:55:51.171Z] DEBUG: [runtime-status] [28704] firebase-admin has been stubbed. {"adminResolution":{"declared":true,"installed":true,"version":"8.13.0","resolution":"D:\\BareAnatomy\\API\\functions\\node_modules\\firebase-admin\\lib\\index.js"}}
[debug] [2020-10-11T11:55:51.205Z] DEBUG: [runtime-status] [28704] initializeApp(DEFAULT) {"credential":{"implicit":false,"projectId":"bare-anatomy","privateKey":"-----BEGIN PRIVATE KEY-----\nMIIEvgIBADANBgkqhkiG9w0BAQEFAASCBKgwggSkAgEAAoIBAQDOe1ty6UqDazb1\nkuD48UkdUxKgay4y1N0h0kbdlpMNlfyAtO/s/1IZCHXI5W6pVajfONprzzREXF41\nSsubWjnhDlsHlky799g31dmDJSseJPU+wqDLNajFoh7iwfBY+EdQRTMW7Sqpad2L\n4wEZ0PoWtXoE1S+6I9i6VtlpElVBhSmPvY6zo6SB/C+ZJ2CMf/hzTDmJc9GK8Tom\n1LRw8aEp5QiD3OEFvpw8SWgd7ksRiNlpOC9M1tDGbRHtjPukcfCA8Vm0kVwKpxCU\nyNudN0luiGZ+Cy+1Otav79bqfLuz78xYwpH66FzPp1/2h+Qw3jubCa6AWYeVYzoR\n9J1slttTAgMBAAECggEAZMbzXtX7PsIs7FXYRNhrIYtiq3Y0ca3QEgpR+SPdOQPL\n3juxYGBLPxmQd1F3neFHj09t17GlZnoYpvUPBA9Y8X2yszTJ1fJFDxdqVqZk8Y0D\nP7L5jMTvTypt3anfd2USVVy470cpC8+2SGiuqF2FOmEvoT010qldRbFO4ogGoXeO\n223DwJywHx95aUhktLONOx43nvR9ewKoebWB6j+v2oas2RfSFZKNMQKmjjwaaAoG\nEh71OQBTeHQzLNw2ljyI9+eoDyTpu3FjwWukC9zI7NqDxbFpGPO0WTIoVCAnYQpK\nlsv+XsTRDiCwmQ0SOaKi+rBCm1gONmMbhrqel4gMHQKBgQDo6wC3OQCWtKUxEAyh\neQRlYeww+ObkyZTRuZ5B9UCtXBCu165ajJr5Qc9iQy6iur10S3Bpu/N2K/tSi3Kv\nbTuIZ6sLhnWJfk3WOSV+9gV2XoXVcpHw39rC53a0IHuHpV7FpavkQLnluDT9DYTh\n+D0ECWnAJwta2Gyx/vbcRvjzBQKBgQDi8a9mCkk32Glm2oAY5Ks9N+JAH2nzWZ/E\nuP0hSW/skj5+/oLY8eGM9vLMG2cVRJJGJWdBm0vNXY+v65LYUbXyYa0Z3h166pp0\nMiU8qubLZOoRNpYacXiCWb0JTdcoVqGtGNjLkNWmLg3tGkJZZG/1mTGqihax5Q+1\n+pZ35ROUdwKBgEHCb55LOq5R7D2w4VAJgcM55VxiOZYoj5qyxEqs+oi3cIJcpH4u\nKmbrPKjqfNU20dxunBtOFEut2TQR6Nw8g81cL39+g9rAzSsJUVvKC/rCbxi3Uxrl\nqLbUcMAkV5wRhXNZ9fDokVOZMWSsl3LRCjEEk1XL8DnC1tVePcYtR4YdAoGBALhC\n2VG1SkuAd9vdzqHnkC1tYVME7oZ6H2GffU74jFp9RybfSKgShDprCymzmhfHjChO\nGC9JgttketSwJZNjjKIWsnBNSoxRTUTIrjk63ZcJAY8mTet8dAcKC5UxUV9cL3sW\nsHdfykhaHk6DwplIFitHze6UneakgAQWSPNh2GrzAoGBANrgPEOtjaBqyaZwHkWl\n5f0CkbIqCPVr5YqjVoKrg5ur0rZFjIdJUXNfeHEVd5OmmYNBekvBsXBlpb6VXwsz\nTk5Wntd31FzHn9tqUAadsiH4e4zs0cxhEJlhBgC4C7DDYNqY5+xrYWDegAl8sUW0\nOaqWuKcAvcQp0x3I7rU7eZXp\n-----END PRIVATE KEY-----\n","clientEmail":"firebase-adminsdk-shk4z@bare-anatomy.iam.gserviceaccount.com","httpClient":{"retry":{"maxRetries":4,"statusCodes":[503],"ioErrorCodes":["ECONNRESET","ETIMEDOUT"],"backOffFactor":0.5,"maxDelayInMillis":60000}}},"databaseURL":"https://fir-api-9a206..firebaseio.com"}
[warn] !  functions: The Cloud Firestore emulator is not running, so calls to Firestore will affect production. {"metadata":{"emulator":{"name":"functions"},"message":"The Cloud Firestore emulator is not running, so calls to Firestore will affect production."}}
[debug] [2020-10-11T11:55:51.527Z] [functions[app]] http function initialized (http://localhost:5000/bare-anatomy/us-central1/app).
[info] i  functions: Loaded functions: app 
[warn] !  functions: The following emulators are not running, calls to these services will affect production: firestore, database, pubsub 
[debug] [2020-10-11T11:55:51.536Z] DEBUG: [worker-~diagnostic~-3f82f8b2-475a-400d-8a7d-44ad80d905cd]: IDLE
[debug] [2020-10-11T11:57:05.264Z] DEBUG: File D:\BareAnatomy\API\functions\lib\index.js changed, reloading triggers
[debug] [2020-10-11T11:57:06.266Z] DEBUG: [worker-pool] Shutting down IDLE worker (~diagnostic~)
[debug] [2020-10-11T11:57:06.266Z] DEBUG: [worker-~diagnostic~-3f82f8b2-475a-400d-8a7d-44ad80d905cd]: FINISHING
[debug] [2020-10-11T11:57:06.273Z] DEBUG: [worker-pool] addWorker(~diagnostic~)
[debug] [2020-10-11T11:57:06.273Z] DEBUG: [worker-pool] Adding worker with key ~diagnostic~, total=2
[debug] [2020-10-11T11:57:06.273Z] DEBUG: [worker-pool] submitWork(triggerId=)
[debug] [2020-10-11T11:57:06.273Z] DEBUG: [worker-~diagnostic~-af8dcb81-42d1-4e4e-8f17-53930d85346e]: Assigning socketPath: \\?\pipe\D:\BareAnatomy\API\functions\19848
[debug] [2020-10-11T11:57:06.274Z] DEBUG: [worker-~diagnostic~-af8dcb81-42d1-4e4e-8f17-53930d85346e]: BUSY
[debug] [2020-10-11T11:57:06.275Z] DEBUG: [worker-~diagnostic~-3f82f8b2-475a-400d-8a7d-44ad80d905cd]: exited
[debug] [2020-10-11T11:57:06.275Z] DEBUG: [worker-~diagnostic~-3f82f8b2-475a-400d-8a7d-44ad80d905cd]: FINISHED
[debug] [2020-10-11T11:57:06.635Z] DEBUG: [runtime-status] [19848] Functions runtime initialized. {"cwd":"D:\\BareAnatomy\\API\\functions","node_version":"12.18.2"}
[debug] [2020-10-11T11:57:06.637Z] DEBUG: [runtime-status] [19848] Disabled runtime features: undefined
[debug] [2020-10-11T11:57:06.640Z] DEBUG: [runtime-status] [19848] Resolved module firebase-admin {"declared":true,"installed":true,"version":"8.13.0","resolution":"D:\\BareAnatomy\\API\\functions\\node_modules\\firebase-admin\\lib\\index.js"}
[debug] [2020-10-11T11:57:06.644Z] DEBUG: [runtime-status] [19848] Resolved module firebase-functions {"declared":true,"installed":true,"version":"3.7.0","resolution":"D:\\BareAnatomy\\API\\functions\\node_modules\\firebase-functions\\lib\\index.js"}
[debug] [2020-10-11T11:57:06.646Z] DEBUG: [runtime-status] [19848] Outgoing network have been stubbed. [{"name":"http","status":"mocked"},{"name":"http","status":"mocked"},{"name":"https","status":"mocked"},{"name":"https","status":"mocked"},{"name":"net","status":"mocked"}]
[debug] [2020-10-11T11:57:06.647Z] DEBUG: [runtime-status] [19848] Resolved module firebase-functions {"declared":true,"installed":true,"version":"3.7.0","resolution":"D:\\BareAnatomy\\API\\functions\\node_modules\\firebase-functions\\lib\\index.js"}
[debug] [2020-10-11T11:57:06.686Z] DEBUG: [runtime-status] [19848] Checked functions.config() {"config":{}}
[debug] [2020-10-11T11:57:06.686Z] DEBUG: [runtime-status] [19848] firebase-functions has been stubbed. {"functionsResolution":{"declared":true,"installed":true,"version":"3.7.0","resolution":"D:\\BareAnatomy\\API\\functions\\node_modules\\firebase-functions\\lib\\index.js"}}
[debug] [2020-10-11T11:57:06.687Z] DEBUG: [runtime-status] [19848] Resolved module firebase-functions {"declared":true,"installed":true,"version":"3.7.0","resolution":"D:\\BareAnatomy\\API\\functions\\node_modules\\firebase-functions\\lib\\index.js"}
[debug] [2020-10-11T11:57:06.688Z] DEBUG: [runtime-status] [19848] Resolved module firebase-admin {"declared":true,"installed":true,"version":"8.13.0","resolution":"D:\\BareAnatomy\\API\\functions\\node_modules\\firebase-admin\\lib\\index.js"}
[debug] [2020-10-11T11:57:06.688Z] DEBUG: [runtime-status] [19848] Resolved module firebase-functions {"declared":true,"installed":true,"version":"3.7.0","resolution":"D:\\BareAnatomy\\API\\functions\\node_modules\\firebase-functions\\lib\\index.js"}
[debug] [2020-10-11T11:57:06.689Z] DEBUG: [runtime-status] [19848] firebase-admin has been stubbed. {"adminResolution":{"declared":true,"installed":true,"version":"8.13.0","resolution":"D:\\BareAnatomy\\API\\functions\\node_modules\\firebase-admin\\lib\\index.js"}}
[debug] [2020-10-11T11:57:06.728Z] DEBUG: [runtime-status] [19848] initializeApp(DEFAULT) {"credential":{"implicit":false,"projectId":"bare-anatomy","privateKey":"-----BEGIN PRIVATE KEY-----\nMIIEvgIBADANBgkqhkiG9w0BAQEFAASCBKgwggSkAgEAAoIBAQDOe1ty6UqDazb1\nkuD48UkdUxKgay4y1N0h0kbdlpMNlfyAtO/s/1IZCHXI5W6pVajfONprzzREXF41\nSsubWjnhDlsHlky799g31dmDJSseJPU+wqDLNajFoh7iwfBY+EdQRTMW7Sqpad2L\n4wEZ0PoWtXoE1S+6I9i6VtlpElVBhSmPvY6zo6SB/C+ZJ2CMf/hzTDmJc9GK8Tom\n1LRw8aEp5QiD3OEFvpw8SWgd7ksRiNlpOC9M1tDGbRHtjPukcfCA8Vm0kVwKpxCU\nyNudN0luiGZ+Cy+1Otav79bqfLuz78xYwpH66FzPp1/2h+Qw3jubCa6AWYeVYzoR\n9J1slttTAgMBAAECggEAZMbzXtX7PsIs7FXYRNhrIYtiq3Y0ca3QEgpR+SPdOQPL\n3juxYGBLPxmQd1F3neFHj09t17GlZnoYpvUPBA9Y8X2yszTJ1fJFDxdqVqZk8Y0D\nP7L5jMTvTypt3anfd2USVVy470cpC8+2SGiuqF2FOmEvoT010qldRbFO4ogGoXeO\n223DwJywHx95aUhktLONOx43nvR9ewKoebWB6j+v2oas2RfSFZKNMQKmjjwaaAoG\nEh71OQBTeHQzLNw2ljyI9+eoDyTpu3FjwWukC9zI7NqDxbFpGPO0WTIoVCAnYQpK\nlsv+XsTRDiCwmQ0SOaKi+rBCm1gONmMbhrqel4gMHQKBgQDo6wC3OQCWtKUxEAyh\neQRlYeww+ObkyZTRuZ5B9UCtXBCu165ajJr5Qc9iQy6iur10S3Bpu/N2K/tSi3Kv\nbTuIZ6sLhnWJfk3WOSV+9gV2XoXVcpHw39rC53a0IHuHpV7FpavkQLnluDT9DYTh\n+D0ECWnAJwta2Gyx/vbcRvjzBQKBgQDi8a9mCkk32Glm2oAY5Ks9N+JAH2nzWZ/E\nuP0hSW/skj5+/oLY8eGM9vLMG2cVRJJGJWdBm0vNXY+v65LYUbXyYa0Z3h166pp0\nMiU8qubLZOoRNpYacXiCWb0JTdcoVqGtGNjLkNWmLg3tGkJZZG/1mTGqihax5Q+1\n+pZ35ROUdwKBgEHCb55LOq5R7D2w4VAJgcM55VxiOZYoj5qyxEqs+oi3cIJcpH4u\nKmbrPKjqfNU20dxunBtOFEut2TQR6Nw8g81cL39+g9rAzSsJUVvKC/rCbxi3Uxrl\nqLbUcMAkV5wRhXNZ9fDokVOZMWSsl3LRCjEEk1XL8DnC1tVePcYtR4YdAoGBALhC\n2VG1SkuAd9vdzqHnkC1tYVME7oZ6H2GffU74jFp9RybfSKgShDprCymzmhfHjChO\nGC9JgttketSwJZNjjKIWsnBNSoxRTUTIrjk63ZcJAY8mTet8dAcKC5UxUV9cL3sW\nsHdfykhaHk6DwplIFitHze6UneakgAQWSPNh2GrzAoGBANrgPEOtjaBqyaZwHkWl\n5f0CkbIqCPVr5YqjVoKrg5ur0rZFjIdJUXNfeHEVd5OmmYNBekvBsXBlpb6VXwsz\nTk5Wntd31FzHn9tqUAadsiH4e4zs0cxhEJlhBgC4C7DDYNqY5+xrYWDegAl8sUW0\nOaqWuKcAvcQp0x3I7rU7eZXp\n-----END PRIVATE KEY-----\n","clientEmail":"firebase-adminsdk-shk4z@bare-anatomy.iam.gserviceaccount.com","httpClient":{"retry":{"maxRetries":4,"statusCodes":[503],"ioErrorCodes":["ECONNRESET","ETIMEDOUT"],"backOffFactor":0.5,"maxDelayInMillis":60000}}},"databaseURL":"https://fir-api-9a206..firebaseio.com"}
[warn] !  functions: The Cloud Firestore emulator is not running, so calls to Firestore will affect production. {"metadata":{"emulator":{"name":"functions"},"message":"The Cloud Firestore emulator is not running, so calls to Firestore will affect production."}}
[debug] [2020-10-11T11:57:07.091Z] DEBUG: [worker-~diagnostic~-af8dcb81-42d1-4e4e-8f17-53930d85346e]: IDLE
[debug] [2020-10-13T07:27:20.437Z] ----------------------------------------------------------------------
[debug] [2020-10-13T07:27:20.439Z] Command:       C:\Program Files\nodejs\node.exe C:\Users\riverus\AppData\Roaming\npm\node_modules\firebase-tools\lib\bin\firebase.js functions:shell
[debug] [2020-10-13T07:27:20.439Z] CLI Version:   8.5.0
[debug] [2020-10-13T07:27:20.439Z] Platform:      win32
[debug] [2020-10-13T07:27:20.439Z] Node Version:  v12.18.2
[debug] [2020-10-13T07:27:20.440Z] Time:          Tue Oct 13 2020 12:57:20 GMT+0530 (India Standard Time)
[debug] [2020-10-13T07:27:20.440Z] ----------------------------------------------------------------------
[debug] [2020-10-13T07:27:20.441Z] 
[debug] [2020-10-13T07:27:20.451Z] > command requires scopes: ["email","openid","https://www.googleapis.com/auth/cloudplatformprojects.readonly","https://www.googleapis.com/auth/firebase","https://www.googleapis.com/auth/cloud-platform"]
[debug] [2020-10-13T07:27:20.451Z] > authorizing via signed-in user
[debug] [2020-10-13T07:27:20.452Z] [iam] checking project bare-anatomy for permissions ["firebase.projects.get"]
[debug] [2020-10-13T07:27:20.453Z] > refreshing access token with scopes: ["email","https://www.googleapis.com/auth/cloud-platform","https://www.googleapis.com/auth/cloudplatformprojects.readonly","https://www.googleapis.com/auth/firebase","openid"]
[debug] [2020-10-13T07:27:20.454Z] >>> HTTP REQUEST POST https://www.googleapis.com/oauth2/v3/token  
 <request body omitted>
[debug] [2020-10-13T07:27:21.299Z] <<< HTTP RESPONSE 200 {"cache-control":"no-cache, no-store, max-age=0, must-revalidate","date":"Tue, 13 Oct 2020 07:26:56 GMT","pragma":"no-cache","expires":"Mon, 01 Jan 1990 00:00:00 GMT","content-type":"application/json; charset=utf-8","vary":"X-Origin, Referer, Origin,Accept-Encoding","server":"scaffolding on HTTPServer2","x-xss-protection":"0","x-frame-options":"SAMEORIGIN","x-content-type-options":"nosniff","alt-svc":"h3-Q050=\":443\"; ma=2592000,h3-29=\":443\"; ma=2592000,h3-27=\":443\"; ma=2592000,h3-T051=\":443\"; ma=2592000,h3-T050=\":443\"; ma=2592000,h3-Q046=\":443\"; ma=2592000,h3-Q043=\":443\"; ma=2592000,quic=\":443\"; ma=2592000; v=\"46,43\"","accept-ranges":"none","transfer-encoding":"chunked"}
[debug] [2020-10-13T07:27:21.309Z] >>> HTTP REQUEST POST https://cloudresourcemanager.googleapis.com/v1/projects/bare-anatomy:testIamPermissions  
 {"permissions":["firebase.projects.get"]}
[debug] [2020-10-13T07:27:23.190Z] <<< HTTP RESPONSE 200 {"content-type":"application/json; charset=UTF-8","vary":"X-Origin, Referer, Origin,Accept-Encoding","date":"Tue, 13 Oct 2020 07:26:58 GMT","server":"ESF","cache-control":"private","x-xss-protection":"0","x-frame-options":"SAMEORIGIN","x-content-type-options":"nosniff","server-timing":"gfet4t7; dur=1357","alt-svc":"h3-Q050=\":443\"; ma=2592000,h3-29=\":443\"; ma=2592000,h3-27=\":443\"; ma=2592000,h3-T051=\":443\"; ma=2592000,h3-T050=\":443\"; ma=2592000,h3-Q046=\":443\"; ma=2592000,h3-Q043=\":443\"; ma=2592000,quic=\":443\"; ma=2592000; v=\"46,43\"","accept-ranges":"none","transfer-encoding":"chunked"}
[warn] !  Your requested "node" version "8" doesn't match your global version "12" {"metadata":{"emulator":{"name":"functions"},"message":"Your requested \"node\" version \"8\" doesn't match your global version \"12\""}}
[debug] [2020-10-13T07:27:25.208Z] [functions] Watching "D:\BareAnatomy\API\functions" for Cloud Functions...
[debug] [2020-10-13T07:27:25.219Z] DEBUG: [worker-pool] addWorker(~diagnostic~)
[debug] [2020-10-13T07:27:25.220Z] DEBUG: [worker-pool] Adding worker with key ~diagnostic~, total=1
[debug] [2020-10-13T07:27:25.220Z] DEBUG: [worker-pool] submitWork(triggerId=)
[debug] [2020-10-13T07:27:25.220Z] DEBUG: [worker-~diagnostic~-9628f350-18f4-443d-ad4f-263077875fa3]: Assigning socketPath: \\?\pipe\D:\BareAnatomy\API\functions\4008
[debug] [2020-10-13T07:27:25.220Z] DEBUG: [worker-~diagnostic~-9628f350-18f4-443d-ad4f-263077875fa3]: BUSY
[debug] [2020-10-13T07:27:25.585Z] DEBUG: [runtime-status] [4008] Functions runtime initialized. {"cwd":"D:\\BareAnatomy\\API\\functions","node_version":"12.18.2"}
[debug] [2020-10-13T07:27:25.586Z] DEBUG: [runtime-status] [4008] Disabled runtime features: undefined
[debug] [2020-10-13T07:27:25.589Z] DEBUG: [runtime-status] [4008] Resolved module firebase-admin {"declared":true,"installed":true,"version":"8.13.0","resolution":"D:\\BareAnatomy\\API\\functions\\node_modules\\firebase-admin\\lib\\index.js"}
[debug] [2020-10-13T07:27:25.593Z] DEBUG: [runtime-status] [4008] Resolved module firebase-functions {"declared":true,"installed":true,"version":"3.7.0","resolution":"D:\\BareAnatomy\\API\\functions\\node_modules\\firebase-functions\\lib\\index.js"}
[debug] [2020-10-13T07:27:25.594Z] DEBUG: [runtime-status] [4008] Outgoing network have been stubbed. [{"name":"http","status":"mocked"},{"name":"http","status":"mocked"},{"name":"https","status":"mocked"},{"name":"https","status":"mocked"},{"name":"net","status":"mocked"}]
[debug] [2020-10-13T07:27:25.595Z] DEBUG: [runtime-status] [4008] Resolved module firebase-functions {"declared":true,"installed":true,"version":"3.7.0","resolution":"D:\\BareAnatomy\\API\\functions\\node_modules\\firebase-functions\\lib\\index.js"}
[debug] [2020-10-13T07:27:25.687Z] DEBUG: [runtime-status] [4008] Checked functions.config() {"config":{}}
[debug] [2020-10-13T07:27:25.687Z] DEBUG: [runtime-status] [4008] firebase-functions has been stubbed. {"functionsResolution":{"declared":true,"installed":true,"version":"3.7.0","resolution":"D:\\BareAnatomy\\API\\functions\\node_modules\\firebase-functions\\lib\\index.js"}}
[debug] [2020-10-13T07:27:25.687Z] DEBUG: [runtime-status] [4008] Resolved module firebase-functions {"declared":true,"installed":true,"version":"3.7.0","resolution":"D:\\BareAnatomy\\API\\functions\\node_modules\\firebase-functions\\lib\\index.js"}
[debug] [2020-10-13T07:27:25.688Z] DEBUG: [runtime-status] [4008] Resolved module firebase-admin {"declared":true,"installed":true,"version":"8.13.0","resolution":"D:\\BareAnatomy\\API\\functions\\node_modules\\firebase-admin\\lib\\index.js"}
[debug] [2020-10-13T07:27:25.688Z] DEBUG: [runtime-status] [4008] Resolved module firebase-functions {"declared":true,"installed":true,"version":"3.7.0","resolution":"D:\\BareAnatomy\\API\\functions\\node_modules\\firebase-functions\\lib\\index.js"}
[debug] [2020-10-13T07:27:25.689Z] DEBUG: [runtime-status] [4008] firebase-admin has been stubbed. {"adminResolution":{"declared":true,"installed":true,"version":"8.13.0","resolution":"D:\\BareAnatomy\\API\\functions\\node_modules\\firebase-admin\\lib\\index.js"}}
[debug] [2020-10-13T07:27:25.835Z] DEBUG: [runtime-status] [4008] initializeApp(DEFAULT) {"credential":{"implicit":false,"projectId":"bare-anatomy","privateKey":"-----BEGIN PRIVATE KEY-----\nMIIEvgIBADANBgkqhkiG9w0BAQEFAASCBKgwggSkAgEAAoIBAQDOe1ty6UqDazb1\nkuD48UkdUxKgay4y1N0h0kbdlpMNlfyAtO/s/1IZCHXI5W6pVajfONprzzREXF41\nSsubWjnhDlsHlky799g31dmDJSseJPU+wqDLNajFoh7iwfBY+EdQRTMW7Sqpad2L\n4wEZ0PoWtXoE1S+6I9i6VtlpElVBhSmPvY6zo6SB/C+ZJ2CMf/hzTDmJc9GK8Tom\n1LRw8aEp5QiD3OEFvpw8SWgd7ksRiNlpOC9M1tDGbRHtjPukcfCA8Vm0kVwKpxCU\nyNudN0luiGZ+Cy+1Otav79bqfLuz78xYwpH66FzPp1/2h+Qw3jubCa6AWYeVYzoR\n9J1slttTAgMBAAECggEAZMbzXtX7PsIs7FXYRNhrIYtiq3Y0ca3QEgpR+SPdOQPL\n3juxYGBLPxmQd1F3neFHj09t17GlZnoYpvUPBA9Y8X2yszTJ1fJFDxdqVqZk8Y0D\nP7L5jMTvTypt3anfd2USVVy470cpC8+2SGiuqF2FOmEvoT010qldRbFO4ogGoXeO\n223DwJywHx95aUhktLONOx43nvR9ewKoebWB6j+v2oas2RfSFZKNMQKmjjwaaAoG\nEh71OQBTeHQzLNw2ljyI9+eoDyTpu3FjwWukC9zI7NqDxbFpGPO0WTIoVCAnYQpK\nlsv+XsTRDiCwmQ0SOaKi+rBCm1gONmMbhrqel4gMHQKBgQDo6wC3OQCWtKUxEAyh\neQRlYeww+ObkyZTRuZ5B9UCtXBCu165ajJr5Qc9iQy6iur10S3Bpu/N2K/tSi3Kv\nbTuIZ6sLhnWJfk3WOSV+9gV2XoXVcpHw39rC53a0IHuHpV7FpavkQLnluDT9DYTh\n+D0ECWnAJwta2Gyx/vbcRvjzBQKBgQDi8a9mCkk32Glm2oAY5Ks9N+JAH2nzWZ/E\nuP0hSW/skj5+/oLY8eGM9vLMG2cVRJJGJWdBm0vNXY+v65LYUbXyYa0Z3h166pp0\nMiU8qubLZOoRNpYacXiCWb0JTdcoVqGtGNjLkNWmLg3tGkJZZG/1mTGqihax5Q+1\n+pZ35ROUdwKBgEHCb55LOq5R7D2w4VAJgcM55VxiOZYoj5qyxEqs+oi3cIJcpH4u\nKmbrPKjqfNU20dxunBtOFEut2TQR6Nw8g81cL39+g9rAzSsJUVvKC/rCbxi3Uxrl\nqLbUcMAkV5wRhXNZ9fDokVOZMWSsl3LRCjEEk1XL8DnC1tVePcYtR4YdAoGBALhC\n2VG1SkuAd9vdzqHnkC1tYVME7oZ6H2GffU74jFp9RybfSKgShDprCymzmhfHjChO\nGC9JgttketSwJZNjjKIWsnBNSoxRTUTIrjk63ZcJAY8mTet8dAcKC5UxUV9cL3sW\nsHdfykhaHk6DwplIFitHze6UneakgAQWSPNh2GrzAoGBANrgPEOtjaBqyaZwHkWl\n5f0CkbIqCPVr5YqjVoKrg5ur0rZFjIdJUXNfeHEVd5OmmYNBekvBsXBlpb6VXwsz\nTk5Wntd31FzHn9tqUAadsiH4e4zs0cxhEJlhBgC4C7DDYNqY5+xrYWDegAl8sUW0\nOaqWuKcAvcQp0x3I7rU7eZXp\n-----END PRIVATE KEY-----\n","clientEmail":"firebase-adminsdk-shk4z@bare-anatomy.iam.gserviceaccount.com","httpClient":{"retry":{"maxRetries":4,"statusCodes":[503],"ioErrorCodes":["ECONNRESET","ETIMEDOUT"],"backOffFactor":0.5,"maxDelayInMillis":60000}}},"databaseURL":"https://fir-api-9a206..firebaseio.com"}
[warn] !  functions: The Cloud Firestore emulator is not running, so calls to Firestore will affect production. {"metadata":{"emulator":{"name":"functions"},"message":"The Cloud Firestore emulator is not running, so calls to Firestore will affect production."}}
[debug] [2020-10-13T07:27:27.532Z] [functions[app]] http function initialized (http://localhost:5000/bare-anatomy/us-central1/app).
[info] i  functions: Loaded functions: app 
[warn] !  functions: The following emulators are not running, calls to these services will affect production: firestore, database, pubsub 
[debug] [2020-10-13T07:27:27.540Z] DEBUG: [worker-~diagnostic~-9628f350-18f4-443d-ad4f-263077875fa3]: IDLE
[debug] [2020-10-13T07:32:10.150Z] DEBUG: File D:\BareAnatomy\API\functions\lib\index.js changed, reloading triggers
[debug] [2020-10-13T07:32:11.152Z] DEBUG: [worker-pool] Shutting down IDLE worker (~diagnostic~)
[debug] [2020-10-13T07:32:11.152Z] DEBUG: [worker-~diagnostic~-9628f350-18f4-443d-ad4f-263077875fa3]: FINISHING
[debug] [2020-10-13T07:32:11.159Z] DEBUG: [worker-pool] addWorker(~diagnostic~)
[debug] [2020-10-13T07:32:11.159Z] DEBUG: [worker-pool] Adding worker with key ~diagnostic~, total=2
[debug] [2020-10-13T07:32:11.159Z] DEBUG: [worker-pool] submitWork(triggerId=)
[debug] [2020-10-13T07:32:11.159Z] DEBUG: [worker-~diagnostic~-e8277d40-87b8-416f-b684-c27be093d562]: Assigning socketPath: \\?\pipe\D:\BareAnatomy\API\functions\37784
[debug] [2020-10-13T07:32:11.159Z] DEBUG: [worker-~diagnostic~-e8277d40-87b8-416f-b684-c27be093d562]: BUSY
[debug] [2020-10-13T07:32:11.160Z] DEBUG: [worker-~diagnostic~-9628f350-18f4-443d-ad4f-263077875fa3]: exited
[debug] [2020-10-13T07:32:11.160Z] DEBUG: [worker-~diagnostic~-9628f350-18f4-443d-ad4f-263077875fa3]: FINISHED
[debug] [2020-10-13T07:32:11.623Z] DEBUG: [runtime-status] [37784] Functions runtime initialized. {"cwd":"D:\\BareAnatomy\\API\\functions","node_version":"12.18.2"}
[debug] [2020-10-13T07:32:11.627Z] DEBUG: [runtime-status] [37784] Disabled runtime features: undefined
[debug] [2020-10-13T07:32:11.632Z] DEBUG: [runtime-status] [37784] Resolved module firebase-admin {"declared":true,"installed":true,"version":"8.13.0","resolution":"D:\\BareAnatomy\\API\\functions\\node_modules\\firebase-admin\\lib\\index.js"}
[debug] [2020-10-13T07:32:11.634Z] DEBUG: [runtime-status] [37784] Resolved module firebase-functions {"declared":true,"installed":true,"version":"3.7.0","resolution":"D:\\BareAnatomy\\API\\functions\\node_modules\\firebase-functions\\lib\\index.js"}
[debug] [2020-10-13T07:32:11.638Z] DEBUG: [runtime-status] [37784] Outgoing network have been stubbed. [{"name":"http","status":"mocked"},{"name":"http","status":"mocked"},{"name":"https","status":"mocked"},{"name":"https","status":"mocked"},{"name":"net","status":"mocked"}]
[debug] [2020-10-13T07:32:11.638Z] DEBUG: [runtime-status] [37784] Resolved module firebase-functions {"declared":true,"installed":true,"version":"3.7.0","resolution":"D:\\BareAnatomy\\API\\functions\\node_modules\\firebase-functions\\lib\\index.js"}
[debug] [2020-10-13T07:32:11.686Z] DEBUG: [runtime-status] [37784] Checked functions.config() {"config":{}}
[debug] [2020-10-13T07:32:11.686Z] DEBUG: [runtime-status] [37784] firebase-functions has been stubbed. {"functionsResolution":{"declared":true,"installed":true,"version":"3.7.0","resolution":"D:\\BareAnatomy\\API\\functions\\node_modules\\firebase-functions\\lib\\index.js"}}
[debug] [2020-10-13T07:32:11.686Z] DEBUG: [runtime-status] [37784] Resolved module firebase-functions {"declared":true,"installed":true,"version":"3.7.0","resolution":"D:\\BareAnatomy\\API\\functions\\node_modules\\firebase-functions\\lib\\index.js"}
[debug] [2020-10-13T07:32:11.687Z] DEBUG: [runtime-status] [37784] Resolved module firebase-admin {"declared":true,"installed":true,"version":"8.13.0","resolution":"D:\\BareAnatomy\\API\\functions\\node_modules\\firebase-admin\\lib\\index.js"}
[debug] [2020-10-13T07:32:11.688Z] DEBUG: [runtime-status] [37784] Resolved module firebase-functions {"declared":true,"installed":true,"version":"3.7.0","resolution":"D:\\BareAnatomy\\API\\functions\\node_modules\\firebase-functions\\lib\\index.js"}
[debug] [2020-10-13T07:32:11.688Z] DEBUG: [runtime-status] [37784] firebase-admin has been stubbed. {"adminResolution":{"declared":true,"installed":true,"version":"8.13.0","resolution":"D:\\BareAnatomy\\API\\functions\\node_modules\\firebase-admin\\lib\\index.js"}}
[debug] [2020-10-13T07:32:11.735Z] DEBUG: [runtime-status] [37784] initializeApp(DEFAULT) {"credential":{"implicit":false,"projectId":"bare-anatomy","privateKey":"-----BEGIN PRIVATE KEY-----\nMIIEvgIBADANBgkqhkiG9w0BAQEFAASCBKgwggSkAgEAAoIBAQDOe1ty6UqDazb1\nkuD48UkdUxKgay4y1N0h0kbdlpMNlfyAtO/s/1IZCHXI5W6pVajfONprzzREXF41\nSsubWjnhDlsHlky799g31dmDJSseJPU+wqDLNajFoh7iwfBY+EdQRTMW7Sqpad2L\n4wEZ0PoWtXoE1S+6I9i6VtlpElVBhSmPvY6zo6SB/C+ZJ2CMf/hzTDmJc9GK8Tom\n1LRw8aEp5QiD3OEFvpw8SWgd7ksRiNlpOC9M1tDGbRHtjPukcfCA8Vm0kVwKpxCU\nyNudN0luiGZ+Cy+1Otav79bqfLuz78xYwpH66FzPp1/2h+Qw3jubCa6AWYeVYzoR\n9J1slttTAgMBAAECggEAZMbzXtX7PsIs7FXYRNhrIYtiq3Y0ca3QEgpR+SPdOQPL\n3juxYGBLPxmQd1F3neFHj09t17GlZnoYpvUPBA9Y8X2yszTJ1fJFDxdqVqZk8Y0D\nP7L5jMTvTypt3anfd2USVVy470cpC8+2SGiuqF2FOmEvoT010qldRbFO4ogGoXeO\n223DwJywHx95aUhktLONOx43nvR9ewKoebWB6j+v2oas2RfSFZKNMQKmjjwaaAoG\nEh71OQBTeHQzLNw2ljyI9+eoDyTpu3FjwWukC9zI7NqDxbFpGPO0WTIoVCAnYQpK\nlsv+XsTRDiCwmQ0SOaKi+rBCm1gONmMbhrqel4gMHQKBgQDo6wC3OQCWtKUxEAyh\neQRlYeww+ObkyZTRuZ5B9UCtXBCu165ajJr5Qc9iQy6iur10S3Bpu/N2K/tSi3Kv\nbTuIZ6sLhnWJfk3WOSV+9gV2XoXVcpHw39rC53a0IHuHpV7FpavkQLnluDT9DYTh\n+D0ECWnAJwta2Gyx/vbcRvjzBQKBgQDi8a9mCkk32Glm2oAY5Ks9N+JAH2nzWZ/E\nuP0hSW/skj5+/oLY8eGM9vLMG2cVRJJGJWdBm0vNXY+v65LYUbXyYa0Z3h166pp0\nMiU8qubLZOoRNpYacXiCWb0JTdcoVqGtGNjLkNWmLg3tGkJZZG/1mTGqihax5Q+1\n+pZ35ROUdwKBgEHCb55LOq5R7D2w4VAJgcM55VxiOZYoj5qyxEqs+oi3cIJcpH4u\nKmbrPKjqfNU20dxunBtOFEut2TQR6Nw8g81cL39+g9rAzSsJUVvKC/rCbxi3Uxrl\nqLbUcMAkV5wRhXNZ9fDokVOZMWSsl3LRCjEEk1XL8DnC1tVePcYtR4YdAoGBALhC\n2VG1SkuAd9vdzqHnkC1tYVME7oZ6H2GffU74jFp9RybfSKgShDprCymzmhfHjChO\nGC9JgttketSwJZNjjKIWsnBNSoxRTUTIrjk63ZcJAY8mTet8dAcKC5UxUV9cL3sW\nsHdfykhaHk6DwplIFitHze6UneakgAQWSPNh2GrzAoGBANrgPEOtjaBqyaZwHkWl\n5f0CkbIqCPVr5YqjVoKrg5ur0rZFjIdJUXNfeHEVd5OmmYNBekvBsXBlpb6VXwsz\nTk5Wntd31FzHn9tqUAadsiH4e4zs0cxhEJlhBgC4C7DDYNqY5+xrYWDegAl8sUW0\nOaqWuKcAvcQp0x3I7rU7eZXp\n-----END PRIVATE KEY-----\n","clientEmail":"firebase-adminsdk-shk4z@bare-anatomy.iam.gserviceaccount.com","httpClient":{"retry":{"maxRetries":4,"statusCodes":[503],"ioErrorCodes":["ECONNRESET","ETIMEDOUT"],"backOffFactor":0.5,"maxDelayInMillis":60000}}},"databaseURL":"https://fir-api-9a206..firebaseio.com"}
[warn] !  functions: The Cloud Firestore emulator is not running, so calls to Firestore will affect production. {"metadata":{"emulator":{"name":"functions"},"message":"The Cloud Firestore emulator is not running, so calls to Firestore will affect production."}}
[debug] [2020-10-13T07:32:12.063Z] DEBUG: [worker-~diagnostic~-e8277d40-87b8-416f-b684-c27be093d562]: IDLE
[debug] [2020-10-13T07:33:13.280Z] ----------------------------------------------------------------------
[debug] [2020-10-13T07:33:13.281Z] Command:       C:\Program Files\nodejs\node.exe C:\Users\riverus\AppData\Roaming\npm\node_modules\firebase-tools\lib\bin\firebase.js functions:shell
[debug] [2020-10-13T07:33:13.281Z] CLI Version:   8.5.0
[debug] [2020-10-13T07:33:13.281Z] Platform:      win32
[debug] [2020-10-13T07:33:13.282Z] Node Version:  v12.18.2
[debug] [2020-10-13T07:33:13.282Z] Time:          Tue Oct 13 2020 13:03:13 GMT+0530 (India Standard Time)
[debug] [2020-10-13T07:33:13.283Z] ----------------------------------------------------------------------
[debug] [2020-10-13T07:33:13.283Z] 
[debug] [2020-10-13T07:33:13.289Z] > command requires scopes: ["email","openid","https://www.googleapis.com/auth/cloudplatformprojects.readonly","https://www.googleapis.com/auth/firebase","https://www.googleapis.com/auth/cloud-platform"]
[debug] [2020-10-13T07:33:13.289Z] > authorizing via signed-in user
[debug] [2020-10-13T07:33:13.290Z] [iam] checking project bare-anatomy for permissions ["firebase.projects.get"]
[debug] [2020-10-13T07:33:13.292Z] >>> HTTP REQUEST POST https://cloudresourcemanager.googleapis.com/v1/projects/bare-anatomy:testIamPermissions  
 {"permissions":["firebase.projects.get"]}
[debug] [2020-10-13T07:33:15.171Z] <<< HTTP RESPONSE 200 {"content-type":"application/json; charset=UTF-8","vary":"X-Origin, Referer, Origin,Accept-Encoding","date":"Tue, 13 Oct 2020 07:32:50 GMT","server":"ESF","cache-control":"private","x-xss-protection":"0","x-frame-options":"SAMEORIGIN","x-content-type-options":"nosniff","server-timing":"gfet4t7; dur=1298","alt-svc":"h3-Q050=\":443\"; ma=2592000,h3-29=\":443\"; ma=2592000,h3-27=\":443\"; ma=2592000,h3-T051=\":443\"; ma=2592000,h3-T050=\":443\"; ma=2592000,h3-Q046=\":443\"; ma=2592000,h3-Q043=\":443\"; ma=2592000,quic=\":443\"; ma=2592000; v=\"46,43\"","accept-ranges":"none","transfer-encoding":"chunked"}
[warn] !  Your requested "node" version "8" doesn't match your global version "12" {"metadata":{"emulator":{"name":"functions"},"message":"Your requested \"node\" version \"8\" doesn't match your global version \"12\""}}
[debug] [2020-10-13T07:33:17.187Z] [functions] Watching "D:\BareAnatomy\API\functions" for Cloud Functions...
[debug] [2020-10-13T07:33:17.198Z] DEBUG: [worker-pool] addWorker(~diagnostic~)
[debug] [2020-10-13T07:33:17.198Z] DEBUG: [worker-pool] Adding worker with key ~diagnostic~, total=1
[debug] [2020-10-13T07:33:17.198Z] DEBUG: [worker-pool] submitWork(triggerId=)
[debug] [2020-10-13T07:33:17.198Z] DEBUG: [worker-~diagnostic~-dde4d0b4-fe34-4450-a6ef-f8fbcb70645d]: Assigning socketPath: \\?\pipe\D:\BareAnatomy\API\functions\31672
[debug] [2020-10-13T07:33:17.199Z] DEBUG: [worker-~diagnostic~-dde4d0b4-fe34-4450-a6ef-f8fbcb70645d]: BUSY
[debug] [2020-10-13T07:33:17.624Z] DEBUG: [runtime-status] [31672] Functions runtime initialized. {"cwd":"D:\\BareAnatomy\\API\\functions","node_version":"12.18.2"}
[debug] [2020-10-13T07:33:17.625Z] DEBUG: [runtime-status] [31672] Disabled runtime features: undefined
[debug] [2020-10-13T07:33:17.629Z] DEBUG: [runtime-status] [31672] Resolved module firebase-admin {"declared":true,"installed":true,"version":"8.13.0","resolution":"D:\\BareAnatomy\\API\\functions\\node_modules\\firebase-admin\\lib\\index.js"}
[debug] [2020-10-13T07:33:17.631Z] DEBUG: [runtime-status] [31672] Resolved module firebase-functions {"declared":true,"installed":true,"version":"3.7.0","resolution":"D:\\BareAnatomy\\API\\functions\\node_modules\\firebase-functions\\lib\\index.js"}
[debug] [2020-10-13T07:33:17.632Z] DEBUG: [runtime-status] [31672] Outgoing network have been stubbed. [{"name":"http","status":"mocked"},{"name":"http","status":"mocked"},{"name":"https","status":"mocked"},{"name":"https","status":"mocked"},{"name":"net","status":"mocked"}]
[debug] [2020-10-13T07:33:17.633Z] DEBUG: [runtime-status] [31672] Resolved module firebase-functions {"declared":true,"installed":true,"version":"3.7.0","resolution":"D:\\BareAnatomy\\API\\functions\\node_modules\\firebase-functions\\lib\\index.js"}
[debug] [2020-10-13T07:33:17.665Z] DEBUG: [runtime-status] [31672] Checked functions.config() {"config":{}}
[debug] [2020-10-13T07:33:17.665Z] DEBUG: [runtime-status] [31672] firebase-functions has been stubbed. {"functionsResolution":{"declared":true,"installed":true,"version":"3.7.0","resolution":"D:\\BareAnatomy\\API\\functions\\node_modules\\firebase-functions\\lib\\index.js"}}
[debug] [2020-10-13T07:33:17.665Z] DEBUG: [runtime-status] [31672] Resolved module firebase-functions {"declared":true,"installed":true,"version":"3.7.0","resolution":"D:\\BareAnatomy\\API\\functions\\node_modules\\firebase-functions\\lib\\index.js"}
[debug] [2020-10-13T07:33:17.666Z] DEBUG: [runtime-status] [31672] Resolved module firebase-admin {"declared":true,"installed":true,"version":"8.13.0","resolution":"D:\\BareAnatomy\\API\\functions\\node_modules\\firebase-admin\\lib\\index.js"}
[debug] [2020-10-13T07:33:17.666Z] DEBUG: [runtime-status] [31672] Resolved module firebase-functions {"declared":true,"installed":true,"version":"3.7.0","resolution":"D:\\BareAnatomy\\API\\functions\\node_modules\\firebase-functions\\lib\\index.js"}
[debug] [2020-10-13T07:33:17.667Z] DEBUG: [runtime-status] [31672] firebase-admin has been stubbed. {"adminResolution":{"declared":true,"installed":true,"version":"8.13.0","resolution":"D:\\BareAnatomy\\API\\functions\\node_modules\\firebase-admin\\lib\\index.js"}}
[debug] [2020-10-13T07:33:17.700Z] DEBUG: [runtime-status] [31672] initializeApp(DEFAULT) {"credential":{"implicit":false,"projectId":"bare-anatomy","privateKey":"-----BEGIN PRIVATE KEY-----\nMIIEvgIBADANBgkqhkiG9w0BAQEFAASCBKgwggSkAgEAAoIBAQDOe1ty6UqDazb1\nkuD48UkdUxKgay4y1N0h0kbdlpMNlfyAtO/s/1IZCHXI5W6pVajfONprzzREXF41\nSsubWjnhDlsHlky799g31dmDJSseJPU+wqDLNajFoh7iwfBY+EdQRTMW7Sqpad2L\n4wEZ0PoWtXoE1S+6I9i6VtlpElVBhSmPvY6zo6SB/C+ZJ2CMf/hzTDmJc9GK8Tom\n1LRw8aEp5QiD3OEFvpw8SWgd7ksRiNlpOC9M1tDGbRHtjPukcfCA8Vm0kVwKpxCU\nyNudN0luiGZ+Cy+1Otav79bqfLuz78xYwpH66FzPp1/2h+Qw3jubCa6AWYeVYzoR\n9J1slttTAgMBAAECggEAZMbzXtX7PsIs7FXYRNhrIYtiq3Y0ca3QEgpR+SPdOQPL\n3juxYGBLPxmQd1F3neFHj09t17GlZnoYpvUPBA9Y8X2yszTJ1fJFDxdqVqZk8Y0D\nP7L5jMTvTypt3anfd2USVVy470cpC8+2SGiuqF2FOmEvoT010qldRbFO4ogGoXeO\n223DwJywHx95aUhktLONOx43nvR9ewKoebWB6j+v2oas2RfSFZKNMQKmjjwaaAoG\nEh71OQBTeHQzLNw2ljyI9+eoDyTpu3FjwWukC9zI7NqDxbFpGPO0WTIoVCAnYQpK\nlsv+XsTRDiCwmQ0SOaKi+rBCm1gONmMbhrqel4gMHQKBgQDo6wC3OQCWtKUxEAyh\neQRlYeww+ObkyZTRuZ5B9UCtXBCu165ajJr5Qc9iQy6iur10S3Bpu/N2K/tSi3Kv\nbTuIZ6sLhnWJfk3WOSV+9gV2XoXVcpHw39rC53a0IHuHpV7FpavkQLnluDT9DYTh\n+D0ECWnAJwta2Gyx/vbcRvjzBQKBgQDi8a9mCkk32Glm2oAY5Ks9N+JAH2nzWZ/E\nuP0hSW/skj5+/oLY8eGM9vLMG2cVRJJGJWdBm0vNXY+v65LYUbXyYa0Z3h166pp0\nMiU8qubLZOoRNpYacXiCWb0JTdcoVqGtGNjLkNWmLg3tGkJZZG/1mTGqihax5Q+1\n+pZ35ROUdwKBgEHCb55LOq5R7D2w4VAJgcM55VxiOZYoj5qyxEqs+oi3cIJcpH4u\nKmbrPKjqfNU20dxunBtOFEut2TQR6Nw8g81cL39+g9rAzSsJUVvKC/rCbxi3Uxrl\nqLbUcMAkV5wRhXNZ9fDokVOZMWSsl3LRCjEEk1XL8DnC1tVePcYtR4YdAoGBALhC\n2VG1SkuAd9vdzqHnkC1tYVME7oZ6H2GffU74jFp9RybfSKgShDprCymzmhfHjChO\nGC9JgttketSwJZNjjKIWsnBNSoxRTUTIrjk63ZcJAY8mTet8dAcKC5UxUV9cL3sW\nsHdfykhaHk6DwplIFitHze6UneakgAQWSPNh2GrzAoGBANrgPEOtjaBqyaZwHkWl\n5f0CkbIqCPVr5YqjVoKrg5ur0rZFjIdJUXNfeHEVd5OmmYNBekvBsXBlpb6VXwsz\nTk5Wntd31FzHn9tqUAadsiH4e4zs0cxhEJlhBgC4C7DDYNqY5+xrYWDegAl8sUW0\nOaqWuKcAvcQp0x3I7rU7eZXp\n-----END PRIVATE KEY-----\n","clientEmail":"firebase-adminsdk-shk4z@bare-anatomy.iam.gserviceaccount.com","httpClient":{"retry":{"maxRetries":4,"statusCodes":[503],"ioErrorCodes":["ECONNRESET","ETIMEDOUT"],"backOffFactor":0.5,"maxDelayInMillis":60000}}},"databaseURL":"https://fir-api-9a206..firebaseio.com"}
[warn] !  functions: The Cloud Firestore emulator is not running, so calls to Firestore will affect production. {"metadata":{"emulator":{"name":"functions"},"message":"The Cloud Firestore emulator is not running, so calls to Firestore will affect production."}}
[debug] [2020-10-13T07:33:18.024Z] [functions[app]] http function initialized (http://localhost:5000/bare-anatomy/us-central1/app).
[info] i  functions: Loaded functions: app 
[warn] !  functions: The following emulators are not running, calls to these services will affect production: firestore, database, pubsub 
[debug] [2020-10-13T07:33:18.032Z] DEBUG: [worker-~diagnostic~-dde4d0b4-fe34-4450-a6ef-f8fbcb70645d]: IDLE
[debug] [2020-10-13T07:40:07.097Z] DEBUG: File D:\BareAnatomy\API\functions\lib\index.js changed, reloading triggers
[debug] [2020-10-13T07:40:08.098Z] DEBUG: [worker-pool] Shutting down IDLE worker (~diagnostic~)
[debug] [2020-10-13T07:40:08.098Z] DEBUG: [worker-~diagnostic~-dde4d0b4-fe34-4450-a6ef-f8fbcb70645d]: FINISHING
[debug] [2020-10-13T07:40:08.104Z] DEBUG: [worker-pool] addWorker(~diagnostic~)
[debug] [2020-10-13T07:40:08.105Z] DEBUG: [worker-pool] Adding worker with key ~diagnostic~, total=2
[debug] [2020-10-13T07:40:08.105Z] DEBUG: [worker-pool] submitWork(triggerId=)
[debug] [2020-10-13T07:40:08.105Z] DEBUG: [worker-~diagnostic~-96ab6368-61e6-4aa0-bb95-7a1d8fdf9f5b]: Assigning socketPath: \\?\pipe\D:\BareAnatomy\API\functions\36900
[debug] [2020-10-13T07:40:08.105Z] DEBUG: [worker-~diagnostic~-96ab6368-61e6-4aa0-bb95-7a1d8fdf9f5b]: BUSY
[debug] [2020-10-13T07:40:08.108Z] DEBUG: [worker-~diagnostic~-dde4d0b4-fe34-4450-a6ef-f8fbcb70645d]: exited
[debug] [2020-10-13T07:40:08.108Z] DEBUG: [worker-~diagnostic~-dde4d0b4-fe34-4450-a6ef-f8fbcb70645d]: FINISHED
[debug] [2020-10-13T07:40:08.495Z] DEBUG: [runtime-status] [36900] Functions runtime initialized. {"cwd":"D:\\BareAnatomy\\API\\functions","node_version":"12.18.2"}
[debug] [2020-10-13T07:40:08.496Z] DEBUG: [runtime-status] [36900] Disabled runtime features: undefined
[debug] [2020-10-13T07:40:08.499Z] DEBUG: [runtime-status] [36900] Resolved module firebase-admin {"declared":true,"installed":true,"version":"8.13.0","resolution":"D:\\BareAnatomy\\API\\functions\\node_modules\\firebase-admin\\lib\\index.js"}
[debug] [2020-10-13T07:40:08.503Z] DEBUG: [runtime-status] [36900] Resolved module firebase-functions {"declared":true,"installed":true,"version":"3.7.0","resolution":"D:\\BareAnatomy\\API\\functions\\node_modules\\firebase-functions\\lib\\index.js"}
[debug] [2020-10-13T07:40:08.504Z] DEBUG: [runtime-status] [36900] Outgoing network have been stubbed. [{"name":"http","status":"mocked"},{"name":"http","status":"mocked"},{"name":"https","status":"mocked"},{"name":"https","status":"mocked"},{"name":"net","status":"mocked"}]
[debug] [2020-10-13T07:40:08.505Z] DEBUG: [runtime-status] [36900] Resolved module firebase-functions {"declared":true,"installed":true,"version":"3.7.0","resolution":"D:\\BareAnatomy\\API\\functions\\node_modules\\firebase-functions\\lib\\index.js"}
[debug] [2020-10-13T07:40:08.542Z] DEBUG: [runtime-status] [36900] Checked functions.config() {"config":{}}
[debug] [2020-10-13T07:40:08.542Z] DEBUG: [runtime-status] [36900] firebase-functions has been stubbed. {"functionsResolution":{"declared":true,"installed":true,"version":"3.7.0","resolution":"D:\\BareAnatomy\\API\\functions\\node_modules\\firebase-functions\\lib\\index.js"}}
[debug] [2020-10-13T07:40:08.543Z] DEBUG: [runtime-status] [36900] Resolved module firebase-functions {"declared":true,"installed":true,"version":"3.7.0","resolution":"D:\\BareAnatomy\\API\\functions\\node_modules\\firebase-functions\\lib\\index.js"}
[debug] [2020-10-13T07:40:08.544Z] DEBUG: [runtime-status] [36900] Resolved module firebase-admin {"declared":true,"installed":true,"version":"8.13.0","resolution":"D:\\BareAnatomy\\API\\functions\\node_modules\\firebase-admin\\lib\\index.js"}
[debug] [2020-10-13T07:40:08.544Z] DEBUG: [runtime-status] [36900] Resolved module firebase-functions {"declared":true,"installed":true,"version":"3.7.0","resolution":"D:\\BareAnatomy\\API\\functions\\node_modules\\firebase-functions\\lib\\index.js"}
[debug] [2020-10-13T07:40:08.544Z] DEBUG: [runtime-status] [36900] firebase-admin has been stubbed. {"adminResolution":{"declared":true,"installed":true,"version":"8.13.0","resolution":"D:\\BareAnatomy\\API\\functions\\node_modules\\firebase-admin\\lib\\index.js"}}
[debug] [2020-10-13T07:40:08.580Z] DEBUG: [runtime-status] [36900] initializeApp(DEFAULT) {"credential":{"implicit":false,"projectId":"bare-anatomy","privateKey":"-----BEGIN PRIVATE KEY-----\nMIIEvgIBADANBgkqhkiG9w0BAQEFAASCBKgwggSkAgEAAoIBAQDOe1ty6UqDazb1\nkuD48UkdUxKgay4y1N0h0kbdlpMNlfyAtO/s/1IZCHXI5W6pVajfONprzzREXF41\nSsubWjnhDlsHlky799g31dmDJSseJPU+wqDLNajFoh7iwfBY+EdQRTMW7Sqpad2L\n4wEZ0PoWtXoE1S+6I9i6VtlpElVBhSmPvY6zo6SB/C+ZJ2CMf/hzTDmJc9GK8Tom\n1LRw8aEp5QiD3OEFvpw8SWgd7ksRiNlpOC9M1tDGbRHtjPukcfCA8Vm0kVwKpxCU\nyNudN0luiGZ+Cy+1Otav79bqfLuz78xYwpH66FzPp1/2h+Qw3jubCa6AWYeVYzoR\n9J1slttTAgMBAAECggEAZMbzXtX7PsIs7FXYRNhrIYtiq3Y0ca3QEgpR+SPdOQPL\n3juxYGBLPxmQd1F3neFHj09t17GlZnoYpvUPBA9Y8X2yszTJ1fJFDxdqVqZk8Y0D\nP7L5jMTvTypt3anfd2USVVy470cpC8+2SGiuqF2FOmEvoT010qldRbFO4ogGoXeO\n223DwJywHx95aUhktLONOx43nvR9ewKoebWB6j+v2oas2RfSFZKNMQKmjjwaaAoG\nEh71OQBTeHQzLNw2ljyI9+eoDyTpu3FjwWukC9zI7NqDxbFpGPO0WTIoVCAnYQpK\nlsv+XsTRDiCwmQ0SOaKi+rBCm1gONmMbhrqel4gMHQKBgQDo6wC3OQCWtKUxEAyh\neQRlYeww+ObkyZTRuZ5B9UCtXBCu165ajJr5Qc9iQy6iur10S3Bpu/N2K/tSi3Kv\nbTuIZ6sLhnWJfk3WOSV+9gV2XoXVcpHw39rC53a0IHuHpV7FpavkQLnluDT9DYTh\n+D0ECWnAJwta2Gyx/vbcRvjzBQKBgQDi8a9mCkk32Glm2oAY5Ks9N+JAH2nzWZ/E\nuP0hSW/skj5+/oLY8eGM9vLMG2cVRJJGJWdBm0vNXY+v65LYUbXyYa0Z3h166pp0\nMiU8qubLZOoRNpYacXiCWb0JTdcoVqGtGNjLkNWmLg3tGkJZZG/1mTGqihax5Q+1\n+pZ35ROUdwKBgEHCb55LOq5R7D2w4VAJgcM55VxiOZYoj5qyxEqs+oi3cIJcpH4u\nKmbrPKjqfNU20dxunBtOFEut2TQR6Nw8g81cL39+g9rAzSsJUVvKC/rCbxi3Uxrl\nqLbUcMAkV5wRhXNZ9fDokVOZMWSsl3LRCjEEk1XL8DnC1tVePcYtR4YdAoGBALhC\n2VG1SkuAd9vdzqHnkC1tYVME7oZ6H2GffU74jFp9RybfSKgShDprCymzmhfHjChO\nGC9JgttketSwJZNjjKIWsnBNSoxRTUTIrjk63ZcJAY8mTet8dAcKC5UxUV9cL3sW\nsHdfykhaHk6DwplIFitHze6UneakgAQWSPNh2GrzAoGBANrgPEOtjaBqyaZwHkWl\n5f0CkbIqCPVr5YqjVoKrg5ur0rZFjIdJUXNfeHEVd5OmmYNBekvBsXBlpb6VXwsz\nTk5Wntd31FzHn9tqUAadsiH4e4zs0cxhEJlhBgC4C7DDYNqY5+xrYWDegAl8sUW0\nOaqWuKcAvcQp0x3I7rU7eZXp\n-----END PRIVATE KEY-----\n","clientEmail":"firebase-adminsdk-shk4z@bare-anatomy.iam.gserviceaccount.com","httpClient":{"retry":{"maxRetries":4,"statusCodes":[503],"ioErrorCodes":["ECONNRESET","ETIMEDOUT"],"backOffFactor":0.5,"maxDelayInMillis":60000}}},"databaseURL":"https://fir-api-9a206..firebaseio.com"}
[warn] !  functions: The Cloud Firestore emulator is not running, so calls to Firestore will affect production. {"metadata":{"emulator":{"name":"functions"},"message":"The Cloud Firestore emulator is not running, so calls to Firestore will affect production."}}
[debug] [2020-10-13T07:40:08.913Z] DEBUG: [worker-~diagnostic~-96ab6368-61e6-4aa0-bb95-7a1d8fdf9f5b]: IDLE
